<?xml version="1.0" encoding="UTF-8"?>
<!-- Generated by org.testng.reporters.JUnitReportReporter -->
<testsuite hostname="WBLT5CG50642RX" failures="0" tests="3" name="APITests.automateAPICalls" time="4.632" errors="0" timestamp="2021-09-24T12:03:25 CDT" skipped="0">
  <testcase classname="APITests.automateAPICalls" name="test_addNewPet" time="3.589"/>
  <system-out/>
  <testcase classname="APITests.automateAPICalls" name="testuploadDogPhoto" time="0.568"/>
  <system-out/>
  <testcase classname="APITests.automateAPICalls" name="testGetNewPetDetails" time="0.475"/>
  <system-out/>
</testsuite> <!-- APITests.automateAPICalls -->
